c:\users\11307533\documents\programming\c++\opengl_projects\cpp_opengl_spinningcube\opengl_perspective_projection\spinning_cube\debug\vc143.pdb
c:\users\11307533\documents\programming\c++\opengl_projects\cpp_opengl_spinningcube\opengl_perspective_projection\spinning_cube\debug\vc143.idb
c:\users\11307533\documents\programming\c++\opengl_projects\cpp_opengl_spinningcube\opengl_perspective_projection\spinning_cube\debug\window.obj
c:\users\11307533\documents\programming\c++\opengl_projects\cpp_opengl_spinningcube\opengl_perspective_projection\spinning_cube\debug\spinning_cube.obj
c:\users\11307533\documents\programming\c++\opengl_projects\cpp_opengl_spinningcube\opengl_perspective_projection\spinning_cube\debug\math_types.obj
c:\users\11307533\documents\programming\c++\opengl_projects\cpp_opengl_spinningcube\opengl_perspective_projection\spinning_cube\debug\gl_vertexbuffer.obj
c:\users\11307533\documents\programming\c++\opengl_projects\cpp_opengl_spinningcube\opengl_perspective_projection\spinning_cube\debug\gl_vertexarray.obj
c:\users\11307533\documents\programming\c++\opengl_projects\cpp_opengl_spinningcube\opengl_perspective_projection\spinning_cube\debug\gl_uniform.obj
c:\users\11307533\documents\programming\c++\opengl_projects\cpp_opengl_spinningcube\opengl_perspective_projection\spinning_cube\debug\gl_shaderprogram.obj
c:\users\11307533\documents\programming\c++\opengl_projects\cpp_opengl_spinningcube\opengl_perspective_projection\spinning_cube\debug\gl_errorhandeling.obj
c:\users\11307533\documents\programming\c++\opengl_projects\cpp_opengl_spinningcube\opengl_perspective_projection\spinning_cube\debug\gl_elementbuffer.obj
c:\users\11307533\documents\programming\c++\opengl_projects\cpp_opengl_spinningcube\opengl_perspective_projection\spinning_cube\debug\gl_draw.obj
c:\users\11307533\documents\programming\c++\opengl_projects\cpp_opengl_spinningcube\opengl_perspective_projection\debug\spinning_cube.exe
c:\users\11307533\documents\programming\c++\opengl_projects\cpp_opengl_spinningcube\opengl_perspective_projection\debug\spinning_cube.pdb
c:\users\11307533\documents\programming\c++\opengl_projects\cpp_opengl_spinningcube\opengl_perspective_projection\spinning_cube\debug\spinning_cube.ilk
c:\users\11307533\documents\programming\c++\opengl_projects\cpp_opengl_spinningcube\opengl_perspective_projection\spinning_cube\debug\gl_buffers.obj
c:\users\11307533\documents\programming\c++\opengl_projects\cpp_opengl_spinningcube\opengl_perspective_projection\spinning_cube\debug\timer.obj
c:\users\11307533\documents\programming\c++\opengl_projects\cpp_opengl_spinningcube\opengl_perspective_projection\spinning_cube\debug\spinning_cube.tlog\cl.command.1.tlog
c:\users\11307533\documents\programming\c++\opengl_projects\cpp_opengl_spinningcube\opengl_perspective_projection\spinning_cube\debug\spinning_cube.tlog\cl.items.tlog
c:\users\11307533\documents\programming\c++\opengl_projects\cpp_opengl_spinningcube\opengl_perspective_projection\spinning_cube\debug\spinning_cube.tlog\cl.read.1.tlog
c:\users\11307533\documents\programming\c++\opengl_projects\cpp_opengl_spinningcube\opengl_perspective_projection\spinning_cube\debug\spinning_cube.tlog\cl.write.1.tlog
c:\users\11307533\documents\programming\c++\opengl_projects\cpp_opengl_spinningcube\opengl_perspective_projection\spinning_cube\debug\spinning_cube.tlog\link.command.1.tlog
c:\users\11307533\documents\programming\c++\opengl_projects\cpp_opengl_spinningcube\opengl_perspective_projection\spinning_cube\debug\spinning_cube.tlog\link.read.1.tlog
c:\users\11307533\documents\programming\c++\opengl_projects\cpp_opengl_spinningcube\opengl_perspective_projection\spinning_cube\debug\spinning_cube.tlog\link.secondary.1.tlog
c:\users\11307533\documents\programming\c++\opengl_projects\cpp_opengl_spinningcube\opengl_perspective_projection\spinning_cube\debug\spinning_cube.tlog\link.write.1.tlog
